android/app/build/intermediates/manifest_merge_blame_file/release/processReleaseMainManifest/manifest-merger-blame-release-report.txt
1<?xml version="1.0" encoding="utf-8"?>
2<manifest xmlns:android="http://schemas.android.com/apk/res/android"
3    package="com.starpage.app"
4    android:versionCode="1"
5    android:versionName="1.0.0" >
6
7    <uses-sdk
7-->INJECTED
8        android:minSdkVersion="24"
8-->INJECTED
9        android:targetSdkVersion="36" />
9-->INJECTED
10    <!-- Required permissions -->
11    <uses-permission android:name="android.permission.INTERNET" />
11-->src\main\AndroidManifest.xml:3:5-67
11-->src\main\AndroidManifest.xml:3:22-64
12    <uses-permission android:name="android.permission.ACCESS_NETWORK_STATE" />
12-->src\main\AndroidManifest.xml:4:5-79
12-->src\main\AndroidManifest.xml:4:22-76
13    <uses-permission android:name="android.permission.CAMERA" />
13-->src\main\AndroidManifest.xml:5:5-65
13-->src\main\AndroidManifest.xml:5:22-62
14    <uses-permission android:name="android.permission.READ_MEDIA_IMAGES" />
14-->src\main\AndroidManifest.xml:6:5-76
14-->src\main\AndroidManifest.xml:6:22-73
15    <uses-permission android:name="android.permission.READ_MEDIA_VIDEO" />
15-->src\main\AndroidManifest.xml:7:5-75
15-->src\main\AndroidManifest.xml:7:22-72
16    <uses-permission android:name="android.permission.READ_EXTERNAL_STORAGE" />
16-->src\main\AndroidManifest.xml:8:5-80
16-->src\main\AndroidManifest.xml:8:22-77
17    <uses-permission android:name="android.permission.WRITE_EXTERNAL_STORAGE" />
17-->src\main\AndroidManifest.xml:9:5-81
17-->src\main\AndroidManifest.xml:9:22-78
18    <!-- Required for push notifications on Android 13+ -->
19    <uses-permission android:name="android.permission.POST_NOTIFICATIONS" />
19-->src\main\AndroidManifest.xml:11:5-77
19-->src\main\AndroidManifest.xml:11:22-74
20    <uses-permission android:name="android.permission.RECEIVE_BOOT_COMPLETED" />
20-->src\main\AndroidManifest.xml:12:5-81
20-->src\main\AndroidManifest.xml:12:22-78
21    <!--
22         Required to query activities that can process text, see:
23         https://developer.android.com/training/package-visibility and
24         https://developer.android.com/reference/android/content/Intent#ACTION_PROCESS_TEXT.
25
26         In particular, this is used by the Flutter engine in io.flutter.plugin.text.ProcessTextPlugin.
27    -->
28    <queries>
28-->src\main\AndroidManifest.xml:62:5-67:15
29        <intent>
29-->src\main\AndroidManifest.xml:63:9-66:18
30            <action android:name="android.intent.action.PROCESS_TEXT" />
30-->src\main\AndroidManifest.xml:64:13-72
30-->src\main\AndroidManifest.xml:64:21-70
31
32            <data android:mimeType="text/plain" />
32-->src\main\AndroidManifest.xml:65:13-50
32-->src\main\AndroidManifest.xml:65:19-48
33        </intent>
34    </queries>
35
36    <uses-permission android:name="android.permission.VIBRATE" />
36-->[:flutter_local_notifications] AndroidManifest.xml:7:5-66
36-->[:flutter_local_notifications] AndroidManifest.xml:7:22-63
37    <uses-permission android:name="android.permission.WAKE_LOCK" /> <!-- Required by older versions of Google Play services to create IID tokens -->
37-->[:firebase_messaging] AndroidManifest.xml:8:5-68
37-->[:firebase_messaging] AndroidManifest.xml:8:22-65
38    <uses-permission android:name="com.google.android.c2dm.permission.RECEIVE" />
38-->[com.google.firebase:firebase-messaging:25.0.1] AndroidManifest.xml:26:5-82
38-->[com.google.firebase:firebase-messaging:25.0.1] AndroidManifest.xml:26:22-79
39    <uses-permission android:name="com.google.android.providers.gsf.permission.READ_GSERVICES" />
39-->[com.google.android.recaptcha:recaptcha:18.6.1] AndroidManifest.xml:9:5-98
39-->[com.google.android.recaptcha:recaptcha:18.6.1] AndroidManifest.xml:9:22-95
40
41    <permission
41-->[androidx.core:core:1.18.0] AndroidManifest.xml:22:5-24:47
42        android:name="com.starpage.app.DYNAMIC_RECEIVER_NOT_EXPORTED_PERMISSION"
42-->[androidx.core:core:1.18.0] AndroidManifest.xml:23:9-81
43        android:protectionLevel="signature" />
43-->[androidx.core:core:1.18.0] AndroidManifest.xml:24:9-44
44
45    <uses-permission android:name="com.starpage.app.DYNAMIC_RECEIVER_NOT_EXPORTED_PERMISSION" />
45-->[androidx.core:core:1.18.0] AndroidManifest.xml:26:5-97
45-->[androidx.core:core:1.18.0] AndroidManifest.xml:26:22-94
46
47    <application
47-->INJECTED
48        android:name="android.app.Application"
48-->INJECTED
49        android:appComponentFactory="androidx.core.app.CoreComponentFactory"
49-->[androidx.core:core:1.18.0] AndroidManifest.xml:28:18-86
50        android:extractNativeLibs="false"
50-->INJECTED
51        android:icon="@mipmap/ic_launcher"
51-->src\main\AndroidManifest.xml:17:9-43
52        android:label="Starpage" >
52-->src\main\AndroidManifest.xml:15:9-33
53        <activity
53-->src\main\AndroidManifest.xml:18:9-39:20
54            android:name="com.starpage.app.MainActivity"
54-->src\main\AndroidManifest.xml:19:13-41
55            android:configChanges="orientation|keyboardHidden|keyboard|screenSize|smallestScreenSize|locale|layoutDirection|fontScale|screenLayout|density|uiMode"
55-->src\main\AndroidManifest.xml:24:13-163
56            android:exported="true"
56-->src\main\AndroidManifest.xml:20:13-36
57            android:hardwareAccelerated="true"
57-->src\main\AndroidManifest.xml:25:13-47
58            android:launchMode="singleTop"
58-->src\main\AndroidManifest.xml:21:13-43
59            android:taskAffinity=""
59-->src\main\AndroidManifest.xml:22:13-36
60            android:theme="@style/LaunchTheme"
60-->src\main\AndroidManifest.xml:23:13-47
61            android:windowSoftInputMode="adjustResize" >
61-->src\main\AndroidManifest.xml:26:13-55
62
63            <!--
64                 Specifies an Android theme to apply to this Activity as soon as
65                 the Android process has started. This theme is visible to the user
66                 while the Flutter UI initializes. After that, this theme continues
67                 to determine the Window background behind the Flutter UI.
68            -->
69            <meta-data
69-->src\main\AndroidManifest.xml:31:13-34:17
70                android:name="io.flutter.embedding.android.NormalTheme"
70-->src\main\AndroidManifest.xml:32:15-70
71                android:resource="@style/NormalTheme" />
71-->src\main\AndroidManifest.xml:33:15-52
72
73            <intent-filter>
73-->src\main\AndroidManifest.xml:35:13-38:29
74                <action android:name="android.intent.action.MAIN" />
74-->src\main\AndroidManifest.xml:36:17-68
74-->src\main\AndroidManifest.xml:36:25-66
75
76                <category android:name="android.intent.category.LAUNCHER" />
76-->src\main\AndroidManifest.xml:37:17-76
76-->src\main\AndroidManifest.xml:37:27-74
77            </intent-filter>
78        </activity>
79        <!--
80             Don't delete the meta-data below.
81             This is used by the Flutter tool to generate GeneratedPluginRegistrant.java
82        -->
83        <meta-data
83-->src\main\AndroidManifest.xml:42:9-44:33
84            android:name="flutterEmbedding"
84-->src\main\AndroidManifest.xml:43:13-44
85            android:value="2" />
85-->src\main\AndroidManifest.xml:44:13-30
86        <!-- FCM default notification channel -->
87        <meta-data
87-->src\main\AndroidManifest.xml:46:9-48:54
88            android:name="com.google.firebase.messaging.default_notification_channel_id"
88-->src\main\AndroidManifest.xml:47:13-89
89            android:value="starpage_notifications" />
89-->src\main\AndroidManifest.xml:48:13-51
90        <!-- FCM default notification icon -->
91        <meta-data
91-->src\main\AndroidManifest.xml:50:9-52:54
92            android:name="com.google.firebase.messaging.default_notification_icon"
92-->src\main\AndroidManifest.xml:51:13-83
93            android:resource="@mipmap/ic_launcher" />
93-->src\main\AndroidManifest.xml:52:13-51
94        <meta-data
94-->src\main\AndroidManifest.xml:53:9-55:54
95            android:name="com.google.firebase.messaging.default_notification_color"
95-->src\main\AndroidManifest.xml:54:13-84
96            android:resource="@color/colorPrimary" />
96-->src\main\AndroidManifest.xml:55:13-51
97        <!--
98           Declares a provider which allows us to store files to share in
99           '.../caches/share_plus' and grant the receiving action access
100        -->
101        <provider
101-->[:share_plus] AndroidManifest.xml:13:9-21:20
102            android:name="dev.fluttercommunity.plus.share.ShareFileProvider"
102-->[:share_plus] AndroidManifest.xml:14:13-77
103            android:authorities="com.starpage.app.flutter.share_provider"
103-->[:share_plus] AndroidManifest.xml:15:13-74
104            android:exported="false"
104-->[:share_plus] AndroidManifest.xml:16:13-37
105            android:grantUriPermissions="true" >
105-->[:share_plus] AndroidManifest.xml:17:13-47
106            <meta-data
106-->[:share_plus] AndroidManifest.xml:18:13-20:68
107                android:name="android.support.FILE_PROVIDER_PATHS"
107-->[:share_plus] AndroidManifest.xml:19:17-67
108                android:resource="@xml/flutter_share_file_paths" />
108-->[:share_plus] AndroidManifest.xml:20:17-65
109        </provider>
110        <!--
111           This manifest declared broadcast receiver allows us to use an explicit
112           Intent when creating a PendingItent to be informed of the user's choice
113        -->
114        <receiver
114-->[:share_plus] AndroidManifest.xml:26:9-32:20
115            android:name="dev.fluttercommunity.plus.share.SharePlusPendingIntent"
115-->[:share_plus] AndroidManifest.xml:27:13-82
116            android:exported="false" >
116-->[:share_plus] AndroidManifest.xml:28:13-37
117            <intent-filter>
117-->[:share_plus] AndroidManifest.xml:29:13-31:29
118                <action android:name="EXTRA_CHOSEN_COMPONENT" />
118-->[:share_plus] AndroidManifest.xml:30:17-65
118-->[:share_plus] AndroidManifest.xml:30:25-62
119            </intent-filter>
120        </receiver>
121
122        <provider
122-->[:image_picker_android] AndroidManifest.xml:9:9-17:20
123            android:name="io.flutter.plugins.imagepicker.ImagePickerFileProvider"
123-->[:image_picker_android] AndroidManifest.xml:10:13-82
124            android:authorities="com.starpage.app.flutter.image_provider"
124-->[:image_picker_android] AndroidManifest.xml:11:13-74
125            android:exported="false"
125-->[:image_picker_android] AndroidManifest.xml:12:13-37
126            android:grantUriPermissions="true" >
126-->[:image_picker_android] AndroidManifest.xml:13:13-47
127            <meta-data
127-->[:share_plus] AndroidManifest.xml:18:13-20:68
128                android:name="android.support.FILE_PROVIDER_PATHS"
128-->[:share_plus] AndroidManifest.xml:19:17-67
129                android:resource="@xml/flutter_image_picker_file_paths" />
129-->[:share_plus] AndroidManifest.xml:20:17-65
130        </provider> <!-- Trigger Google Play services to install the backported photo picker module. -->
131        <service
131-->[:image_picker_android] AndroidManifest.xml:19:9-31:19
132            android:name="com.google.android.gms.metadata.ModuleDependencies"
132-->[:image_picker_android] AndroidManifest.xml:20:13-78
133            android:enabled="false"
133-->[:image_picker_android] AndroidManifest.xml:21:13-36
134            android:exported="false" >
134-->[:image_picker_android] AndroidManifest.xml:22:13-37
135            <intent-filter>
135-->[:image_picker_android] AndroidManifest.xml:24:13-26:29
136                <action android:name="com.google.android.gms.metadata.MODULE_DEPENDENCIES" />
136-->[:image_picker_android] AndroidManifest.xml:25:17-94
136-->[:image_picker_android] AndroidManifest.xml:25:25-91
137            </intent-filter>
138
139            <meta-data
139-->[:image_picker_android] AndroidManifest.xml:28:13-30:36
140                android:name="photopicker_activity:0:required"
140-->[:image_picker_android] AndroidManifest.xml:29:17-63
141                android:value="" />
141-->[:image_picker_android] AndroidManifest.xml:30:17-33
142        </service>
143        <service
143-->[:cloud_firestore] AndroidManifest.xml:8:9-12:19
144            android:name="com.google.firebase.components.ComponentDiscoveryService"
144-->[:cloud_firestore] AndroidManifest.xml:8:18-89
145            android:directBootAware="true"
145-->[com.google.firebase:firebase-common:22.0.1] AndroidManifest.xml:32:13-43
146            android:exported="false" >
146-->[com.google.firebase:firebase-auth:24.0.1] AndroidManifest.xml:68:13-37
147            <meta-data
147-->[:cloud_firestore] AndroidManifest.xml:9:13-11:85
148                android:name="com.google.firebase.components:io.flutter.plugins.firebase.firestore.FlutterFirebaseFirestoreRegistrar"
148-->[:cloud_firestore] AndroidManifest.xml:10:17-134
149                android:value="com.google.firebase.components.ComponentRegistrar" />
149-->[:cloud_firestore] AndroidManifest.xml:11:17-82
150            <meta-data
150-->[:firebase_auth] AndroidManifest.xml:9:13-11:85
151                android:name="com.google.firebase.components:io.flutter.plugins.firebase.auth.FlutterFirebaseAuthRegistrar"
151-->[:firebase_auth] AndroidManifest.xml:10:17-124
152                android:value="com.google.firebase.components.ComponentRegistrar" />
152-->[:firebase_auth] AndroidManifest.xml:11:17-82
153            <meta-data
153-->[:firebase_messaging] AndroidManifest.xml:36:13-38:85
154                android:name="com.google.firebase.components:io.flutter.plugins.firebase.messaging.FlutterFirebaseAppRegistrar"
154-->[:firebase_messaging] AndroidManifest.xml:37:17-128
155                android:value="com.google.firebase.components.ComponentRegistrar" />
155-->[:firebase_messaging] AndroidManifest.xml:38:17-82
156            <meta-data
156-->[:firebase_core] AndroidManifest.xml:9:13-11:85
157                android:name="com.google.firebase.components:io.flutter.plugins.firebase.core.FlutterFirebaseCoreRegistrar"
157-->[:firebase_core] AndroidManifest.xml:10:17-124
158                android:value="com.google.firebase.components.ComponentRegistrar" />
158-->[:firebase_core] AndroidManifest.xml:11:17-82
159            <meta-data
159-->[com.google.firebase:firebase-auth:24.0.1] AndroidManifest.xml:69:13-71:85
160                android:name="com.google.firebase.components:com.google.firebase.auth.FirebaseAuthRegistrar"
160-->[com.google.firebase:firebase-auth:24.0.1] AndroidManifest.xml:70:17-109
161                android:value="com.google.firebase.components.ComponentRegistrar" />
161-->[com.google.firebase:firebase-auth:24.0.1] AndroidManifest.xml:71:17-82
162            <meta-data
162-->[com.google.firebase:firebase-firestore:26.2.0] AndroidManifest.xml:17:13-19:85
163                android:name="com.google.firebase.components:com.google.firebase.firestore.FirebaseFirestoreKtxRegistrar"
163-->[com.google.firebase:firebase-firestore:26.2.0] AndroidManifest.xml:18:17-122
164                android:value="com.google.firebase.components.ComponentRegistrar" />
164-->[com.google.firebase:firebase-firestore:26.2.0] AndroidManifest.xml:19:17-82
165            <meta-data
165-->[com.google.firebase:firebase-firestore:26.2.0] AndroidManifest.xml:20:13-22:85
166                android:name="com.google.firebase.components:com.google.firebase.firestore.FirestoreRegistrar"
166-->[com.google.firebase:firebase-firestore:26.2.0] AndroidManifest.xml:21:17-111
167                android:value="com.google.firebase.components.ComponentRegistrar" />
167-->[com.google.firebase:firebase-firestore:26.2.0] AndroidManifest.xml:22:17-82
168            <meta-data
168-->[com.google.firebase:firebase-messaging:25.0.1] AndroidManifest.xml:57:13-59:85
169                android:name="com.google.firebase.components:com.google.firebase.messaging.FirebaseMessagingKtxRegistrar"
169-->[com.google.firebase:firebase-messaging:25.0.1] AndroidManifest.xml:58:17-122
170                android:value="com.google.firebase.components.ComponentRegistrar" />
170-->[com.google.firebase:firebase-messaging:25.0.1] AndroidManifest.xml:59:17-82
171            <meta-data
171-->[com.google.firebase:firebase-messaging:25.0.1] AndroidManifest.xml:60:13-62:85
172                android:name="com.google.firebase.components:com.google.firebase.messaging.FirebaseMessagingRegistrar"
172-->[com.google.firebase:firebase-messaging:25.0.1] AndroidManifest.xml:61:17-119
173                android:value="com.google.firebase.components.ComponentRegistrar" />
173-->[com.google.firebase:firebase-messaging:25.0.1] AndroidManifest.xml:62:17-82
174            <meta-data
174-->[com.google.firebase:firebase-installations:19.1.0] AndroidManifest.xml:15:13-17:85
175                android:name="com.google.firebase.components:com.google.firebase.installations.FirebaseInstallationsKtxRegistrar"
175-->[com.google.firebase:firebase-installations:19.1.0] AndroidManifest.xml:16:17-130
176                android:value="com.google.firebase.components.ComponentRegistrar" />
176-->[com.google.firebase:firebase-installations:19.1.0] AndroidManifest.xml:17:17-82
177            <meta-data
177-->[com.google.firebase:firebase-installations:19.1.0] AndroidManifest.xml:18:13-20:85
178                android:name="com.google.firebase.components:com.google.firebase.installations.FirebaseInstallationsRegistrar"
178-->[com.google.firebase:firebase-installations:19.1.0] AndroidManifest.xml:19:17-127
179                android:value="com.google.firebase.components.ComponentRegistrar" />
179-->[com.google.firebase:firebase-installations:19.1.0] AndroidManifest.xml:20:17-82
180            <meta-data
180-->[com.google.firebase:firebase-common:22.0.1] AndroidManifest.xml:35:13-37:85
181                android:name="com.google.firebase.components:com.google.firebase.FirebaseCommonKtxRegistrar"
181-->[com.google.firebase:firebase-common:22.0.1] AndroidManifest.xml:36:17-109
182                android:value="com.google.firebase.components.ComponentRegistrar" />
182-->[com.google.firebase:firebase-common:22.0.1] AndroidManifest.xml:37:17-82
183            <meta-data
183-->[com.google.firebase:firebase-datatransport:18.2.0] AndroidManifest.xml:25:13-27:85
184                android:name="com.google.firebase.components:com.google.firebase.datatransport.TransportRegistrar"
184-->[com.google.firebase:firebase-datatransport:18.2.0] AndroidManifest.xml:26:17-115
185                android:value="com.google.firebase.components.ComponentRegistrar" />
185-->[com.google.firebase:firebase-datatransport:18.2.0] AndroidManifest.xml:27:17-82
186        </service>
187        <service
187-->[:firebase_messaging] AndroidManifest.xml:14:9-17:72
188            android:name="io.flutter.plugins.firebase.messaging.FlutterFirebaseMessagingBackgroundService"
188-->[:firebase_messaging] AndroidManifest.xml:15:13-107
189            android:exported="false"
189-->[:firebase_messaging] AndroidManifest.xml:16:13-37
190            android:permission="android.permission.BIND_JOB_SERVICE" />
190-->[:firebase_messaging] AndroidManifest.xml:17:13-69
191        <service
191-->[:firebase_messaging] AndroidManifest.xml:18:9-24:19
192            android:name="io.flutter.plugins.firebase.messaging.FlutterFirebaseMessagingService"
192-->[:firebase_messaging] AndroidManifest.xml:19:13-97
193            android:exported="false" >
193-->[:firebase_messaging] AndroidManifest.xml:20:13-37
194            <intent-filter>
194-->[:firebase_messaging] AndroidManifest.xml:21:13-23:29
195                <action android:name="com.google.firebase.MESSAGING_EVENT" />
195-->[:firebase_messaging] AndroidManifest.xml:22:17-78
195-->[:firebase_messaging] AndroidManifest.xml:22:25-75
196            </intent-filter>
197        </service>
198
199        <receiver
199-->[:firebase_messaging] AndroidManifest.xml:26:9-33:20
200            android:name="io.flutter.plugins.firebase.messaging.FlutterFirebaseMessagingReceiver"
200-->[:firebase_messaging] AndroidManifest.xml:27:13-98
201            android:exported="true"
201-->[:firebase_messaging] AndroidManifest.xml:28:13-36
202            android:permission="com.google.android.c2dm.permission.SEND" >
202-->[:firebase_messaging] AndroidManifest.xml:29:13-73
203            <intent-filter>
203-->[:firebase_messaging] AndroidManifest.xml:30:13-32:29
204                <action android:name="com.google.android.c2dm.intent.RECEIVE" />
204-->[:firebase_messaging] AndroidManifest.xml:31:17-81
204-->[:firebase_messaging] AndroidManifest.xml:31:25-78
205            </intent-filter>
206        </receiver>
207
208        <provider
208-->[:firebase_messaging] AndroidManifest.xml:41:9-45:38
209            android:name="io.flutter.plugins.firebase.messaging.FlutterFirebaseMessagingInitProvider"
209-->[:firebase_messaging] AndroidManifest.xml:42:13-102
210            android:authorities="com.starpage.app.flutterfirebasemessaginginitprovider"
210-->[:firebase_messaging] AndroidManifest.xml:43:13-88
211            android:exported="false"
211-->[:firebase_messaging] AndroidManifest.xml:44:13-37
212            android:initOrder="99" />
212-->[:firebase_messaging] AndroidManifest.xml:45:13-35
213
214        <uses-library
214-->[androidx.window:window:1.2.0] AndroidManifest.xml:23:9-25:40
215            android:name="androidx.window.extensions"
215-->[androidx.window:window:1.2.0] AndroidManifest.xml:24:13-54
216            android:required="false" />
216-->[androidx.window:window:1.2.0] AndroidManifest.xml:25:13-37
217        <uses-library
217-->[androidx.window:window:1.2.0] AndroidManifest.xml:26:9-28:40
218            android:name="androidx.window.sidecar"
218-->[androidx.window:window:1.2.0] AndroidManifest.xml:27:13-51
219            android:required="false" />
219-->[androidx.window:window:1.2.0] AndroidManifest.xml:28:13-37
220
221        <activity
221-->[com.google.firebase:firebase-auth:24.0.1] AndroidManifest.xml:29:9-46:20
222            android:name="com.google.firebase.auth.internal.GenericIdpActivity"
222-->[com.google.firebase:firebase-auth:24.0.1] AndroidManifest.xml:30:13-80
223            android:excludeFromRecents="true"
223-->[com.google.firebase:firebase-auth:24.0.1] AndroidManifest.xml:31:13-46
224            android:exported="true"
224-->[com.google.firebase:firebase-auth:24.0.1] AndroidManifest.xml:32:13-36
225            android:launchMode="singleTask"
225-->[com.google.firebase:firebase-auth:24.0.1] AndroidManifest.xml:33:13-44
226            android:theme="@android:style/Theme.Translucent.NoTitleBar" >
226-->[com.google.firebase:firebase-auth:24.0.1] AndroidManifest.xml:34:13-72
227            <intent-filter>
227-->[com.google.firebase:firebase-auth:24.0.1] AndroidManifest.xml:35:13-45:29
228                <action android:name="android.intent.action.VIEW" />
228-->[com.google.firebase:firebase-auth:24.0.1] AndroidManifest.xml:36:17-69
228-->[com.google.firebase:firebase-auth:24.0.1] AndroidManifest.xml:36:25-66
229
230                <category android:name="android.intent.category.DEFAULT" />
230-->[com.google.firebase:firebase-auth:24.0.1] AndroidManifest.xml:38:17-76
230-->[com.google.firebase:firebase-auth:24.0.1] AndroidManifest.xml:38:27-73
231                <category android:name="android.intent.category.BROWSABLE" />
231-->[com.google.firebase:firebase-auth:24.0.1] AndroidManifest.xml:39:17-78
231-->[com.google.firebase:firebase-auth:24.0.1] AndroidManifest.xml:39:27-75
232
233                <data
233-->src\main\AndroidManifest.xml:65:13-50
234                    android:host="firebase.auth"
235                    android:path="/"
236                    android:scheme="genericidp" />
237            </intent-filter>
238        </activity>
239        <activity
239-->[com.google.firebase:firebase-auth:24.0.1] AndroidManifest.xml:47:9-64:20
240            android:name="com.google.firebase.auth.internal.RecaptchaActivity"
240-->[com.google.firebase:firebase-auth:24.0.1] AndroidManifest.xml:48:13-79
241            android:excludeFromRecents="true"
241-->[com.google.firebase:firebase-auth:24.0.1] AndroidManifest.xml:49:13-46
242            android:exported="true"
242-->[com.google.firebase:firebase-auth:24.0.1] AndroidManifest.xml:50:13-36
243            android:launchMode="singleTask"
243-->[com.google.firebase:firebase-auth:24.0.1] AndroidManifest.xml:51:13-44
244            android:theme="@android:style/Theme.Translucent.NoTitleBar" >
244-->[com.google.firebase:firebase-auth:24.0.1] AndroidManifest.xml:52:13-72
245            <intent-filter>
245-->[com.google.firebase:firebase-auth:24.0.1] AndroidManifest.xml:53:13-63:29
246                <action android:name="android.intent.action.VIEW" />
246-->[com.google.firebase:firebase-auth:24.0.1] AndroidManifest.xml:36:17-69
246-->[com.google.firebase:firebase-auth:24.0.1] AndroidManifest.xml:36:25-66
247
248                <category android:name="android.intent.category.DEFAULT" />
248-->[com.google.firebase:firebase-auth:24.0.1] AndroidManifest.xml:38:17-76
248-->[com.google.firebase:firebase-auth:24.0.1] AndroidManifest.xml:38:27-73
249                <category android:name="android.intent.category.BROWSABLE" />
249-->[com.google.firebase:firebase-auth:24.0.1] AndroidManifest.xml:39:17-78
249-->[com.google.firebase:firebase-auth:24.0.1] AndroidManifest.xml:39:27-75
250
251                <data
251-->src\main\AndroidManifest.xml:65:13-50
252                    android:host="firebase.auth"
253                    android:path="/"
254                    android:scheme="recaptcha" />
255            </intent-filter>
256        </activity>
257
258        <receiver
258-->[com.google.firebase:firebase-messaging:25.0.1] AndroidManifest.xml:29:9-40:20
259            android:name="com.google.firebase.iid.FirebaseInstanceIdReceiver"
259-->[com.google.firebase:firebase-messaging:25.0.1] AndroidManifest.xml:30:13-78
260            android:exported="true"
260-->[com.google.firebase:firebase-messaging:25.0.1] AndroidManifest.xml:31:13-36
261            android:permission="com.google.android.c2dm.permission.SEND" >
261-->[com.google.firebase:firebase-messaging:25.0.1] AndroidManifest.xml:32:13-73
262            <intent-filter>
262-->[:firebase_messaging] AndroidManifest.xml:30:13-32:29
263                <action android:name="com.google.android.c2dm.intent.RECEIVE" />
263-->[:firebase_messaging] AndroidManifest.xml:31:17-81
263-->[:firebase_messaging] AndroidManifest.xml:31:25-78
264            </intent-filter>
265
266            <meta-data
266-->[com.google.firebase:firebase-messaging:25.0.1] AndroidManifest.xml:37:13-39:40
267                android:name="com.google.android.gms.cloudmessaging.FINISHED_AFTER_HANDLED"
267-->[com.google.firebase:firebase-messaging:25.0.1] AndroidManifest.xml:38:17-92
268                android:value="true" />
268-->[com.google.firebase:firebase-messaging:25.0.1] AndroidManifest.xml:39:17-37
269        </receiver>
270        <!--
271             FirebaseMessagingService performs security checks at runtime,
272             but set to not exported to explicitly avoid allowing another app to call it.
273        -->
274        <service
274-->[com.google.firebase:firebase-messaging:25.0.1] AndroidManifest.xml:46:9-53:19
275            android:name="com.google.firebase.messaging.FirebaseMessagingService"
275-->[com.google.firebase:firebase-messaging:25.0.1] AndroidManifest.xml:47:13-82
276            android:directBootAware="true"
276-->[com.google.firebase:firebase-messaging:25.0.1] AndroidManifest.xml:48:13-43
277            android:exported="false" >
277-->[com.google.firebase:firebase-messaging:25.0.1] AndroidManifest.xml:49:13-37
278            <intent-filter android:priority="-500" >
278-->[:firebase_messaging] AndroidManifest.xml:21:13-23:29
279                <action android:name="com.google.firebase.MESSAGING_EVENT" />
279-->[:firebase_messaging] AndroidManifest.xml:22:17-78
279-->[:firebase_messaging] AndroidManifest.xml:22:25-75
280            </intent-filter>
281        </service>
282
283        <provider
283-->[com.google.firebase:firebase-common:22.0.1] AndroidManifest.xml:23:9-28:39
284            android:name="com.google.firebase.provider.FirebaseInitProvider"
284-->[com.google.firebase:firebase-common:22.0.1] AndroidManifest.xml:24:13-77
285            android:authorities="com.starpage.app.firebaseinitprovider"
285-->[com.google.firebase:firebase-common:22.0.1] AndroidManifest.xml:25:13-72
286            android:directBootAware="true"
286-->[com.google.firebase:firebase-common:22.0.1] AndroidManifest.xml:26:13-43
287            android:exported="false"
287-->[com.google.firebase:firebase-common:22.0.1] AndroidManifest.xml:27:13-37
288            android:initOrder="100" />
288-->[com.google.firebase:firebase-common:22.0.1] AndroidManifest.xml:28:13-36
289
290        <service
290-->[androidx.credentials:credentials-play-services-auth:1.2.0-rc01] AndroidManifest.xml:24:9-32:19
291            android:name="androidx.credentials.playservices.CredentialProviderMetadataHolder"
291-->[androidx.credentials:credentials-play-services-auth:1.2.0-rc01] AndroidManifest.xml:25:13-94
292            android:enabled="true"
292-->[androidx.credentials:credentials-play-services-auth:1.2.0-rc01] AndroidManifest.xml:26:13-35
293            android:exported="false" >
293-->[androidx.credentials:credentials-play-services-auth:1.2.0-rc01] AndroidManifest.xml:27:13-37
294            <meta-data
294-->[androidx.credentials:credentials-play-services-auth:1.2.0-rc01] AndroidManifest.xml:29:13-31:104
295                android:name="androidx.credentials.CREDENTIAL_PROVIDER_KEY"
295-->[androidx.credentials:credentials-play-services-auth:1.2.0-rc01] AndroidManifest.xml:30:17-76
296                android:value="androidx.credentials.playservices.CredentialProviderPlayServicesImpl" />
296-->[androidx.credentials:credentials-play-services-auth:1.2.0-rc01] AndroidManifest.xml:31:17-101
297        </service>
298
299        <activity